{"/Users/devneill/Code/Dreams/Aux/design-system/components/text/src/Text.tsx": {"path":"/Users/devneill/Code/Dreams/Aux/design-system/components/text/src/Text.tsx","statementMap":{"0":{"start":{"line":1,"column":0},"end":{"line":1,"column":31}},"1":{"start":{"line":2,"column":0},"end":{"line":2,"column":36}},"2":{"start":{"line":66,"column":14},"end":{"line":66,"column":16}},"3":{"start":{"line":67,"column":18},"end":{"line":72,"column":null}},"4":{"start":{"line":75,"column":2},"end":{"line":75,"column":51}},"5":{"start":{"line":57,"column":0},"end":{"line":57,"column":16}}},"fnMap":{"0":{"name":"Text","decl":{"start":{"line":57,"column":16},"end":{"line":57,"column":20}},"loc":{"start":{"line":65,"column":12},"end":{"line":76,"column":1}}}},"branchMap":{"0":{"loc":{"start":{"line":58,"column":2},"end":{"line":58,"column":10}},"type":"default-arg","locations":[{"start":{"line":58,"column":7},"end":{"line":58,"column":10}}]},"1":{"loc":{"start":{"line":59,"column":2},"end":{"line":59,"column":19}},"type":"default-arg","locations":[{"start":{"line":59,"column":9},"end":{"line":59,"column":19}}]},"2":{"loc":{"start":{"line":60,"column":2},"end":{"line":60,"column":19}},"type":"default-arg","locations":[{"start":{"line":60,"column":11},"end":{"line":60,"column":19}}]},"3":{"loc":{"start":{"line":61,"column":2},"end":{"line":61,"column":17}},"type":"default-arg","locations":[{"start":{"line":61,"column":10},"end":{"line":61,"column":17}}]},"4":{"loc":{"start":{"line":62,"column":2},"end":{"line":62,"column":21}},"type":"default-arg","locations":[{"start":{"line":62,"column":14},"end":{"line":62,"column":21}}]}},"s":{"0":1,"1":1,"2":1,"3":1,"4":1,"5":1},"f":{"0":1},"b":{"0":[1],"1":[1],"2":[1],"3":[1],"4":[1]}}
}
